<?xml version="1.0" encoding="UTF-8"?>
<!-- Generated by org.testng.reporters.JUnitReportReporter -->
<testsuite hostname="DESKTOP-G7MIJP1" failures="0" tests="2" name="com.peoplegrow.qa.testcases.LoginPageTest" time="20.615" errors="0" timestamp="2023-09-11T20:02:32 IST" skipped="0">
  <testcase classname="com.peoplegrow.qa.testcases.LoginPageTest" name="LoginTest" time="10.634"/>
  <system-out/>
  <testcase classname="com.peoplegrow.qa.testcases.LoginPageTest" name="LoginPageTitle" time="9.981"/>
  <system-out/>
</testsuite> <!-- com.peoplegrow.qa.testcases.LoginPageTest -->
