<?xml version="1.0" encoding="UTF-8"?>
<!-- Generated by org.testng.reporters.JUnitReportReporter -->
<testsuite hostname="DESKTOP-G7MIJP1" failures="0" tests="1" name="com.peoplegrow.qa.testcases.SignInButtonLinkTest" time="13.046" errors="0" timestamp="2023-09-11T20:02:32 IST" skipped="0">
  <testcase classname="com.peoplegrow.qa.testcases.SignInButtonLinkTest" name="signInButtonLinkTest" time="13.046"/>
  <system-out/>
</testsuite> <!-- com.peoplegrow.qa.testcases.SignInButtonLinkTest -->
