<?xml version="1.0" encoding="UTF-8"?>
<!-- Generated by org.testng.reporters.JUnitReportReporter -->
<testsuite hostname="DESKTOP-G7MIJP1" failures="0" tests="1" name="com.peoplegrow.qa.testcases.InspirationForYouTest" time="23.664" errors="0" timestamp="2023-09-11T20:02:32 IST" skipped="0">
  <testcase classname="com.peoplegrow.qa.testcases.InspirationForYouTest" name="clickonInspirationalTest" time="23.664"/>
  <system-out/>
</testsuite> <!-- com.peoplegrow.qa.testcases.InspirationForYouTest -->
